# JRE version: Java(TM) SE Runtime Environment (8.0_162-b12) (build 1.8.0_162-b12)
# Java VM: Java HotSpot(TM) Client VM (25.162-b12 mixed mode windows-x86 )
Heap:
 def new generation   total 17280K, used 1425K [0x04800000, 0x05ac0000, 0x19d50000)
  eden space 15360K,   0% used [0x04800000, 0x04800000, 0x05700000)
  from space 1920K,  74% used [0x058e0000, 0x05a44408, 0x05ac0000)
  to   space 1920K,   0% used [0x05700000, 0x05700000, 0x058e0000)
 tenured generation   total 38708K, used 38693K [0x19d50000, 0x1c31d000, 0x44800000)
   the space 38708K,  99% used [0x19d50000, 0x1c319480, 0x1c319600, 0x1c31d000)
 Metaspace       used 37716K, capacity 38802K, committed 38912K, reserved 39296K
GC Heap History (10 events):
Event: 14.144 GC heap after
Heap after GC invocations=88 (full 4):
 def new generation   total 17280K, used 1861K [0x04800000, 0x05ac0000, 0x19d50000)
  eden space 15360K,   0% used [0x04800000, 0x04800000, 0x05700000)
  from space 1920K,  96% used [0x05700000, 0x058d1568, 0x058e0000)
  to   space 1920K,   0% used [0x058e0000, 0x058e0000, 0x05ac0000)
 tenured generation   total 38196K, used 32948K [0x19d50000, 0x1c29d000, 0x44800000)
   the space 38196K,  86% used [0x19d50000, 0x1bd7d1d8, 0x1bd7d200, 0x1c29d000)
 Metaspace       used 37190K, capacity 38184K, committed 38272K, reserved 38272K
}
Event: 14.215 GC heap before
{Heap before GC invocations=88 (full 4):
 def new generation   total 17280K, used 17221K [0x04800000, 0x05ac0000, 0x19d50000)
  eden space 15360K, 100% used [0x04800000, 0x05700000, 0x05700000)
  from space 1920K,  96% used [0x05700000, 0x058d1568, 0x058e0000)
  to   space 1920K,   0% used [0x058e0000, 0x058e0000, 0x05ac0000)
 tenured generation   total 38196K, used 32948K [0x19d50000, 0x1c29d000, 0x44800000)
   the space 38196K,  86% used [0x19d50000, 0x1bd7d1d8, 0x1bd7d200, 0x1c29d000)
 Metaspace       used 37236K, capacity 38202K, committed 38272K, reserved 38272K
Event: 14.224 GC heap after
Heap after GC invocations=89 (full 4):
 def new generation   total 17280K, used 1352K [0x04800000, 0x05ac0000, 0x19d50000)
  eden space 15360K,   0% used [0x04800000, 0x04800000, 0x05700000)
  from space 1920K,  70% used [0x058e0000, 0x05a320b8, 0x05ac0000)
  to   space 1920K,   0% used [0x05700000, 0x05700000, 0x058e0000)
 tenured generation   total 38196K, used 34315K [0x19d50000, 0x1c29d000, 0x44800000)
   the space 38196K,  89% used [0x19d50000, 0x1bed2d10, 0x1bed2e00, 0x1c29d000)
 Metaspace       used 37236K, capacity 38202K, committed 38272K, reserved 38272K
}
Event: 14.404 GC heap before
{Heap before GC invocations=89 (full 4):
 def new generation   total 17280K, used 16712K [0x04800000, 0x05ac0000, 0x19d50000)
  eden space 15360K, 100% used [0x04800000, 0x05700000, 0x05700000)
  from space 1920K,  70% used [0x058e0000, 0x05a320b8, 0x05ac0000)
  to   space 1920K,   0% used [0x05700000, 0x05700000, 0x058e0000)
 tenured generation   total 38196K, used 34315K [0x19d50000, 0x1c29d000, 0x44800000)
   the space 38196K,  89% used [0x19d50000, 0x1bed2d10, 0x1bed2e00, 0x1c29d000)
 Metaspace       used 37463K, capacity 38497K, committed 38528K, reserved 39296K
Event: 14.412 GC heap after
Heap after GC invocations=90 (full 4):
 def new generation   total 17280K, used 1112K [0x04800000, 0x05ac0000, 0x19d50000)
  eden space 15360K,   0% used [0x04800000, 0x04800000, 0x05700000)
  from space 1920K,  57% used [0x05700000, 0x058160c8, 0x058e0000)
  to   space 1920K,   0% used [0x058e0000, 0x058e0000, 0x05ac0000)
 tenured generation   total 38196K, used 35625K [0x19d50000, 0x1c29d000, 0x44800000)
   the space 38196K,  93% used [0x19d50000, 0x1c01a740, 0x1c01a800, 0x1c29d000)
 Metaspace       used 37463K, capacity 38497K, committed 38528K, reserved 39296K
}
Event: 15.549 GC heap before
{Heap before GC invocations=90 (full 4):
 def new generation   total 17280K, used 16472K [0x04800000, 0x05ac0000, 0x19d50000)
  eden space 15360K, 100% used [0x04800000, 0x05700000, 0x05700000)
  from space 1920K,  57% used [0x05700000, 0x058160c8, 0x058e0000)
  to   space 1920K,   0% used [0x058e0000, 0x058e0000, 0x05ac0000)
 tenured generation   total 38196K, used 35625K [0x19d50000, 0x1c29d000, 0x44800000)
   the space 38196K,  93% used [0x19d50000, 0x1c01a740, 0x1c01a800, 0x1c29d000)
 Metaspace       used 37653K, capacity 38722K, committed 38784K, reserved 39296K
Event: 15.561 GC heap after
Heap after GC invocations=91 (full 4):
 def new generation   total 17280K, used 1298K [0x04800000, 0x05ac0000, 0x19d50000)
  eden space 15360K,   0% used [0x04800000, 0x04800000, 0x05700000)
  from space 1920K,  67% used [0x058e0000, 0x05a24ac0, 0x05ac0000)
  to   space 1920K,   0% used [0x05700000, 0x05700000, 0x058e0000)
 tenured generation   total 38196K, used 36546K [0x19d50000, 0x1c29d000, 0x44800000)
   the space 38196K,  95% used [0x19d50000, 0x1c100848, 0x1c100a00, 0x1c29d000)
 Metaspace       used 37653K, capacity 38722K, committed 38784K, reserved 39296K
}
Event: 19.262 GC heap before
{Heap before GC invocations=91 (full 4):
 def new generation   total 17280K, used 16658K [0x04800000, 0x05ac0000, 0x19d50000)
  eden space 15360K, 100% used [0x04800000, 0x05700000, 0x05700000)
  from space 1920K,  67% used [0x058e0000, 0x05a24ac0, 0x05ac0000)
  to   space 1920K,   0% used [0x05700000, 0x05700000, 0x058e0000)
 tenured generation   total 38196K, used 36546K [0x19d50000, 0x1c29d000, 0x44800000)
   the space 38196K,  95% used [0x19d50000, 0x1c100848, 0x1c100a00, 0x1c29d000)
 Metaspace       used 37689K, capacity 38762K, committed 38784K, reserved 39296K
Event: 19.274 GC heap after
Heap after GC invocations=92 (full 4):
 def new generation   total 17280K, used 1417K [0x04800000, 0x05ac0000, 0x19d50000)
  eden space 15360K,   0% used [0x04800000, 0x04800000, 0x05700000)
  from space 1920K,  73% used [0x05700000, 0x05862568, 0x058e0000)
  to   space 1920K,   0% used [0x058e0000, 0x058e0000, 0x05ac0000)
 tenured generation   total 38196K, used 37566K [0x19d50000, 0x1c29d000, 0x44800000)
   the space 38196K,  98% used [0x19d50000, 0x1c1ffa40, 0x1c1ffc00, 0x1c29d000)
 Metaspace       used 37689K, capacity 38762K, committed 38784K, reserved 39296K
}
Event: 22.659 GC heap before
{Heap before GC invocations=92 (full 4):
 def new generation   total 17280K, used 16777K [0x04800000, 0x05ac0000, 0x19d50000)
  eden space 15360K, 100% used [0x04800000, 0x05700000, 0x05700000)
  from space 1920K,  73% used [0x05700000, 0x05862568, 0x058e0000)
  to   space 1920K,   0% used [0x058e0000, 0x058e0000, 0x05ac0000)
 tenured generation   total 38196K, used 37566K [0x19d50000, 0x1c29d000, 0x44800000)
   the space 38196K,  98% used [0x19d50000, 0x1c1ffa40, 0x1c1ffc00, 0x1c29d000)
 Metaspace       used 37716K, capacity 38802K, committed 38912K, reserved 39296K

